I190814 13:37:35.235901 1 util/log/clog.go:1199  [config] file created at: 2019/08/14 13:37:35
I190814 13:37:35.235901 1 util/log/clog.go:1199  [config] running on machine: DESKTOP-OK59LV1
I190814 13:37:35.235901 1 util/log/clog.go:1199  [config] binary: CockroachDB CCL v19.1.3 (x86_64-w64-mingw32, built 2019/07/08 18:33:33, go1.11.6)
I190814 13:37:35.235901 1 util/log/clog.go:1199  [config] arguments: [cockroach start --insecure --listen-addr=localhost:4001]
I190814 13:37:35.235901 1 util/log/clog.go:1199  line format: [IWEF]yymmdd hh:mm:ss.uuuuuu goid file:line msg utf8=✓
I190814 13:37:35.227302 1 cli/start.go:1033  logging to directory D:\Develop\GoProjects\src\github.com\sceballosdev\ApiRest\cockroach-data\logs
W190814 13:37:35.363944 1 cli/start.go:1068  RUNNING IN INSECURE MODE!

- Your cluster is open for any client that can access localhost.
- Any user, even root, can log in without providing a password.
- Any user, connecting as root, can read or write any data in your cluster.
- There is no network encryption nor authentication, and thus no confidentiality.

Check out how to secure your cluster: https://www.cockroachlabs.com/docs/v19.1/secure-a-cluster.html
W190814 13:37:35.422720 1 cli/start.go:944  Using the default setting for --cache (128 MiB).
  A significantly larger value is usually needed for good performance.
  If you have a dedicated server a reasonable setting is --cache=.25 (2.0 GiB).
W190814 13:37:35.422767 1 cli/start.go:957  Using the default setting for --max-sql-memory (128 MiB).
  A significantly larger value is usually needed in production.
  If you have a dedicated server a reasonable setting is --max-sql-memory=.25 (2.0 GiB).
I190814 13:37:35.422779 1 cli/start.go:1082  CockroachDB CCL v19.1.3 (x86_64-w64-mingw32, built 2019/07/08 18:33:33, go1.11.6)
I190814 13:37:35.634956 1 server/config.go:386  system total memory: 7.9 GiB
I190814 13:37:35.638517 1 server/config.go:388  server configuration:
max offset             500000000
cache size             128 MiB
SQL memory pool size   128 MiB
scan interval          10m0s
scan min idle time     10ms
scan max idle time     1s
event log enabled      true
I190814 13:37:35.638558 1 cli/start.go:929  process identity: uid S-1-5-21-2049857947-4207443200-2816220004-1001, gid S-1-5-21-2049857947-4207443200-2816220004-1001
I190814 13:37:35.638576 1 cli/start.go:554  starting cockroach node
I190814 13:37:35.897129 26 storage/engine/rocksdb.go:613  opening rocksdb instance at "D:\\Develop\\GoProjects\\src\\github.com\\sceballosdev\\ApiRest\\cockroach-data\\cockroach-temp090827851"
I190814 13:37:36.907335 26 server/server.go:879  [n?] monitoring forward clock jumps based on server.clock.forward_jump_check_enabled
I190814 13:37:36.961030 26 storage/engine/rocksdb.go:613  opening rocksdb instance at "D:\\Develop\\GoProjects\\src\\github.com\\sceballosdev\\ApiRest\\cockroach-data"
I190814 13:37:37.250348 26 server/config.go:494  [n?] 1 storage engine initialized
I190814 13:37:37.250359 26 server/config.go:497  [n?] RocksDB cache size: 128 MiB
I190814 13:37:37.250364 26 server/config.go:497  [n?] store 0: RocksDB, max size 0 B, max open file limit 10000
I190814 13:37:38.239424 26 util/stop/stopper.go:546  [n?] quiescing; tasks left:
1      [async] intent_resolver_ir_batcher
1      [async] intent_resolver_gc_batcher
I190814 13:37:38.240118 26 util/stop/stopper.go:546  [n?] quiescing; tasks left:
1      [async] intent_resolver_gc_batcher
I190814 13:37:38.241761 26 server/node.go:358  [n?] **** cluster 470a866b-e3ce-48f7-8269-2cced68ec4d6 has been created
I190814 13:37:38.241781 26 server/server.go:1432  [n?] **** add additional nodes by specifying --join=localhost:4001
I190814 13:37:38.265034 26 gossip/gossip.go:392  [n1] NodeDescriptor set to node_id:1 address:<network_field:"tcp" address_field:"localhost:4001" > attrs:<> locality:<> ServerVersion:<major_val:19 minor_val:1 patch:0 unstable:0 > build_tag:"v19.1.3" started_at:1565789858242066500 
W190814 13:37:38.298621 176 storage/store.go:1525  [n1,s1,r6/1:/Table/{SystemCon…-11}] could not gossip system config: [NotLeaseHolderError] r6: replica (n1,s1):1 not lease holder; lease holder unknown
I190814 13:37:38.316204 26 server/node.go:461  [n1] initialized store [n1,s1]: disk (capacity=832 GiB, available=498 GiB, used=29 KiB, logicalBytes=8.3 KiB), ranges=20, leases=0, queries=0.00, writes=0.00, bytesPerReplica={p10=0.00 p25=0.00 p50=0.00 p75=0.00 p90=887.00 pMax=7467.00}, writesPerReplica={p10=0.00 p25=0.00 p50=0.00 p75=0.00 p90=0.00 pMax=0.00}
I190814 13:37:38.317506 26 storage/stores.go:244  [n1] read 0 node addresses from persistent storage
I190814 13:37:38.317721 26 server/node.go:699  [n1] connecting to gossip network to verify cluster ID...
I190814 13:37:38.317742 26 server/node.go:719  [n1] node connected via gossip and verified as part of cluster "470a866b-e3ce-48f7-8269-2cced68ec4d6"
I190814 13:37:38.317850 26 server/node.go:542  [n1] node=1: started with [<no-attributes>=D:\Develop\GoProjects\src\github.com\sceballosdev\ApiRest\cockroach-data] engine(s) and attributes []
I190814 13:37:38.336954 26 server/server.go:1592  [n1] starting http server at 127.0.0.1:8080 (use: localhost:8080)
I190814 13:37:38.336967 26 server/server.go:1594  [n1] starting grpc/postgres server at 127.0.0.1:4001
I190814 13:37:38.336975 26 server/server.go:1595  [n1] advertising CockroachDB node at localhost:4001
W190814 13:37:38.338430 26 jobs/registry.go:341  [n1] unable to get node liveness: node not in the liveness table
W190814 13:37:38.364871 176 storage/store.go:1525  [n1,s1,r6/1:/Table/{SystemCon…-11}] could not gossip system config: [NotLeaseHolderError] r6: replica (n1,s1):1 not lease holder; lease holder unknown
W190814 13:37:38.477986 176 storage/store.go:1525  [n1,s1,r6/1:/Table/{SystemCon…-11}] could not gossip system config: [NotLeaseHolderError] r6: replica (n1,s1):1 not lease holder; lease holder unknown
I190814 13:37:39.172060 209 sql/event_log.go:135  [n1,intExec=optInToDiagnosticsStatReporting] Event: "set_cluster_setting", target: 0, info: {SettingName:diagnostics.reporting.enabled Value:true User:root}
I190814 13:37:39.234045 91 gossip/gossip.go:1510  [n1] node has connected to cluster via gossip
I190814 13:37:39.261007 91 storage/stores.go:263  [n1] wrote 0 node addresses to persistent storage
I190814 13:37:39.590693 250 sql/event_log.go:135  [n1,intExec=set-setting] Event: "set_cluster_setting", target: 0, info: {SettingName:version Value:19.1 User:root}
I190814 13:37:39.785538 268 sql/event_log.go:135  [n1,intExec=disableNetTrace] Event: "set_cluster_setting", target: 0, info: {SettingName:trace.debug.enable Value:false User:root}
I190814 13:37:40.322868 295 sql/event_log.go:135  [n1,intExec=initializeClusterSecret] Event: "set_cluster_setting", target: 0, info: {SettingName:cluster.secret Value:5b3f335c-7ced-423f-ab64-4710cc046edb User:root}
I190814 13:37:40.688778 238 sql/event_log.go:135  [n1,intExec=create-default-db] Event: "create_database", target: 50, info: {DatabaseName:defaultdb Statement:CREATE DATABASE IF NOT EXISTS defaultdb User:root}
I190814 13:37:40.913875 312 sql/event_log.go:135  [n1,intExec=create-default-db] Event: "create_database", target: 51, info: {DatabaseName:postgres Statement:CREATE DATABASE IF NOT EXISTS postgres User:root}
I190814 13:37:41.206311 26 server/server.go:1660  [n1] done ensuring all necessary migrations have run
I190814 13:37:41.206324 26 server/server.go:1663  [n1] serving sql connections
I190814 13:37:41.206462 26 cli/start.go:689  [config] clusterID: 470a866b-e3ce-48f7-8269-2cced68ec4d6
I190814 13:37:41.206490 26 cli/start.go:697  node startup completed:
CockroachDB node starting at 2019-08-14 13:37:41.2063957 +0000 UTC (took 6.0s)
build:               CCL v19.1.3 @ 2019/07/08 18:33:33 (go1.11.6)
webui:               http://localhost:8080
sql:                 postgresql://root@localhost:4001?sslmode=disable
client flags:        cockroach <client cmd> --host=localhost:4001 --insecure
logs:                D:\Develop\GoProjects\src\github.com\sceballosdev\ApiRest\cockroach-data\logs
temp dir:            D:\Develop\GoProjects\src\github.com\sceballosdev\ApiRest\cockroach-data\cockroach-temp090827851
external I/O path:   D:\Develop\GoProjects\src\github.com\sceballosdev\ApiRest\cockroach-data\extern
store[0]:            path=D:\Develop\GoProjects\src\github.com\sceballosdev\ApiRest\cockroach-data
status:              initialized new cluster
clusterID:           470a866b-e3ce-48f7-8269-2cced68ec4d6
nodeID:              1
I190814 13:37:41.236493 340 server/server_update.go:67  [n1] no need to upgrade, cluster already at the newest version
I190814 13:37:41.401497 343 sql/event_log.go:135  [n1] Event: "node_join", target: 1, info: {Descriptor:{NodeID:1 Address:localhost:4001 Attrs: Locality: ServerVersion:19.1 BuildTag:v19.1.3 StartedAt:1565789858242066500 LocalityAddress:[] XXX_NoUnkeyedLiteral:{} XXX_sizecache:0} ClusterID:470a866b-e3ce-48f7-8269-2cced68ec4d6 StartedAt:1565789858242066500 LastUp:1565789858242066500}
W190814 13:37:42.805471 159 storage/store.go:3704  [n1,s1,r17/1:/Table/2{1-2}] handle raft ready: 0.5s [processed=3]
I190814 13:37:43.913338 345 server/updates.go:266  [n1] A new version is available: 19.1.4, details: https://www.cockroachlabs.com/docs/releases/v19.1.4.html
W190814 13:37:44.879895 61 storage/store.go:3704  [n1,s1,r6/1:/Table/{SystemCon…-11}] handle raft ready: 0.6s [processed=1]
W190814 13:37:46.841343 153 storage/store.go:3704  [n1,s1,r8/1:/Table/1{2-3}] handle raft ready: 0.5s [processed=1]
W190814 13:37:48.047707 156 storage/engine/rocksdb.go:2040  batch [2/136/2] commit took 676.7898ms (>= warning threshold 500ms)
W190814 13:37:48.047800 156 storage/store.go:3704  [n1,s1,r11/1:/Table/1{5-6}] handle raft ready: 0.7s [processed=1]
W190814 13:37:48.075907 163 storage/store.go:3704  [n1,s1,r2/1:/System/NodeLiveness{-Max}] handle raft ready: 0.7s [processed=2]
I190814 13:37:48.319127 184 storage/store.go:4216  [n1,s1] sstables (read amplification = 0):
I190814 13:37:48.319218 184 storage/store.go:4217  [n1,s1] 
** Compaction Stats [default] **
Level    Files   Size     Score Read(GB)  Rn(GB) Rnp1(GB) Write(GB) Wnew(GB) Moved(GB) W-Amp Rd(MB/s) Wr(MB/s) Comp(sec) Comp(cnt) Avg(sec) KeyIn KeyDrop
----------------------------------------------------------------------------------------------------------------------------------------------------------
 Sum      0/0    0.00 KB   0.0      0.0     0.0      0.0       0.0      0.0       0.0   0.0      0.0      0.0         0         0    0.000       0      0
 Int      0/0    0.00 KB   0.0      0.0     0.0      0.0       0.0      0.0       0.0   0.0      0.0      0.0         0         0    0.000       0      0
Uptime(secs): 11.1 total, 11.1 interval
Flush(GB): cumulative 0.000, interval 0.000
AddFile(GB): cumulative 0.000, interval 0.000
AddFile(Total Files): cumulative 0, interval 0
AddFile(L0 Files): cumulative 0, interval 0
AddFile(Keys): cumulative 0, interval 0
Cumulative compaction: 0.00 GB write, 0.00 MB/s write, 0.00 GB read, 0.00 MB/s read, 0.0 seconds
Interval compaction: 0.00 GB write, 0.00 MB/s write, 0.00 GB read, 0.00 MB/s read, 0.0 seconds
Stalls(count): 0 level0_slowdown, 0 level0_slowdown_with_compaction, 0 level0_numfiles, 0 level0_numfiles_with_compaction, 0 stop for pending_compaction_bytes, 0 slowdown for pending_compaction_bytes, 0 memtable_compaction, 0 memtable_slowdown, interval 0 total count
estimated_pending_compaction_bytes: 0 B
W190814 13:37:48.335865 189 server/status/runtime.go:423  [n1] unable to get file descriptor usage (will not try again): not implemented on windows
I190814 13:37:48.622665 189 server/status/runtime.go:500  [n1] runtime stats: 82 MiB RSS, 144 goroutines, 146 MiB/8.4 MiB/168 MiB GO alloc/idle/total, 16 MiB/19 MiB CGO alloc/total, 0.0 CGO/sec, 0.0/0.0 %(u/s)time, 0.0 %gc (10x), 12 KiB/9.6 KiB (r/w)net
W190814 13:37:50.841929 155 storage/store.go:3704  [n1,s1,r20/1:/{Table/24-Max}] handle raft ready: 0.5s [processed=3]
I190814 13:37:51.750494 427 storage/replica_consistency.go:198  [n1,consistencyChecker,s1,r4/1:/System{/tsd-tse}] triggering stats recomputation to resolve delta of {ContainsEstimates:true LastUpdateNanos:1565789868811201300 IntentAge:0 GCBytesAge:0 LiveBytes:-6430 LiveCount:-591 KeyBytes:-28471 KeyCount:-591 ValBytes:22041 ValCount:-591 IntentBytes:0 IntentCount:0 SysBytes:0 SysCount:0 XXX_NoUnkeyedLiteral:{} XXX_sizecache:0}
I190814 13:37:58.908626 189 server/status/runtime.go:500  [n1] runtime stats: 86 MiB RSS, 141 goroutines, 153 MiB/1.9 MiB/168 MiB GO alloc/idle/total, 16 MiB/19 MiB CGO alloc/total, 509.8 CGO/sec, 0.9/1.1 %(u/s)time, 0.0 %gc (0x), 1.7 KiB/2.6 KiB (r/w)net
I190814 13:38:09.241835 189 server/status/runtime.go:500  [n1] runtime stats: 98 MiB RSS, 142 goroutines, 159 MiB/3.6 MiB/176 MiB GO alloc/idle/total, 16 MiB/20 MiB CGO alloc/total, 215.6 CGO/sec, 0.8/0.2 %(u/s)time, 0.0 %gc (0x), 76 KiB/31 KiB (r/w)net
I190814 13:38:19.574998 189 server/status/runtime.go:500  [n1] runtime stats: 103 MiB RSS, 142 goroutines, 166 MiB/1.4 MiB/180 MiB GO alloc/idle/total, 16 MiB/20 MiB CGO alloc/total, 164.5 CGO/sec, 0.6/0.1 %(u/s)time, 0.0 %gc (0x), 147 KiB/50 KiB (r/w)net
I190814 13:38:29.876102 189 server/status/runtime.go:500  [n1] runtime stats: 110 MiB RSS, 142 goroutines, 172 MiB/3.6 MiB/189 MiB GO alloc/idle/total, 16 MiB/20 MiB CGO alloc/total, 155.9 CGO/sec, 0.8/0.5 %(u/s)time, 0.0 %gc (0x), 5.2 KiB/1.5 KiB (r/w)net
I190814 13:38:38.338201 185 gossip/gossip.go:557  [n1] gossip status (ok, 1 node)
gossip client (0/3 cur/max conns)
gossip server (0/3 cur/max conns, infos 0/0 sent/received, bytes 0B/0B sent/received)
gossip connectivity
  n1 [sentinel];
I190814 13:38:40.174251 189 server/status/runtime.go:500  [n1] runtime stats: 116 MiB RSS, 141 goroutines, 177 MiB/1.7 MiB/193 MiB GO alloc/idle/total, 16 MiB/20 MiB CGO alloc/total, 190.4 CGO/sec, 0.6/0.6 %(u/s)time, 0.0 %gc (0x), 8.3 KiB/16 KiB (r/w)net
I190814 13:38:50.463717 189 server/status/runtime.go:500  [n1] runtime stats: 122 MiB RSS, 141 goroutines, 183 MiB/3.6 MiB/201 MiB GO alloc/idle/total, 16 MiB/20 MiB CGO alloc/total, 152.8 CGO/sec, 0.5/0.1 %(u/s)time, 0.0 %gc (0x), 71 KiB/30 KiB (r/w)net
I190814 13:39:00.751360 189 server/status/runtime.go:500  [n1] runtime stats: 129 MiB RSS, 141 goroutines, 190 MiB/1.8 MiB/205 MiB GO alloc/idle/total, 16 MiB/20 MiB CGO alloc/total, 174.0 CGO/sec, 0.4/0.0 %(u/s)time, 0.0 %gc (0x), 2.0 KiB/3.8 KiB (r/w)net
I190814 13:39:11.037897 189 server/status/runtime.go:500  [n1] runtime stats: 135 MiB RSS, 142 goroutines, 195 MiB/3.8 MiB/214 MiB GO alloc/idle/total, 16 MiB/20 MiB CGO alloc/total, 183.2 CGO/sec, 0.5/0.2 %(u/s)time, 0.0 %gc (0x), 119 KiB/44 KiB (r/w)net
I190814 13:39:21.325122 189 server/status/runtime.go:500  [n1] runtime stats: 141 MiB RSS, 142 goroutines, 201 MiB/1.7 MiB/218 MiB GO alloc/idle/total, 16 MiB/20 MiB CGO alloc/total, 146.8 CGO/sec, 0.5/0.9 %(u/s)time, 0.0 %gc (0x), 1.7 KiB/1.4 KiB (r/w)net
I190814 13:39:31.611058 189 server/status/runtime.go:500  [n1] runtime stats: 147 MiB RSS, 142 goroutines, 207 MiB/8.0 KiB/222 MiB GO alloc/idle/total, 16 MiB/20 MiB CGO alloc/total, 166.0 CGO/sec, 0.6/0.9 %(u/s)time, 0.0 %gc (0x), 4.3 KiB/665 B (r/w)net
I190814 13:39:38.318215 185 gossip/gossip.go:557  [n1] gossip status (ok, 1 node)
gossip client (0/3 cur/max conns)
gossip server (0/3 cur/max conns, infos 0/0 sent/received, bytes 0B/0B sent/received)
I190814 13:39:41.898860 189 server/status/runtime.go:500  [n1] runtime stats: 151 MiB RSS, 141 goroutines, 213 MiB/2.0 MiB/230 MiB GO alloc/idle/total, 16 MiB/20 MiB CGO alloc/total, 193.7 CGO/sec, 1.1/0.1 %(u/s)time, 0.0 %gc (1x), 5.1 KiB/11 KiB (r/w)net
I190814 13:39:52.196396 189 server/status/runtime.go:500  [n1] runtime stats: 152 MiB RSS, 141 goroutines, 145 MiB/71 MiB/234 MiB GO alloc/idle/total, 16 MiB/21 MiB CGO alloc/total, 169.9 CGO/sec, 0.5/0.6 %(u/s)time, 0.0 %gc (0x), 4.6 KiB/1.0 KiB (r/w)net
I190814 13:40:02.482036 189 server/status/runtime.go:500  [n1] runtime stats: 153 MiB RSS, 141 goroutines, 151 MiB/65 MiB/234 MiB GO alloc/idle/total, 16 MiB/21 MiB CGO alloc/total, 173.3 CGO/sec, 0.6/0.1 %(u/s)time, 0.0 %gc (0x), 2.6 KiB/3.8 KiB (r/w)net
I190814 13:40:12.775285 189 server/status/runtime.go:500  [n1] runtime stats: 153 MiB RSS, 142 goroutines, 158 MiB/59 MiB/234 MiB GO alloc/idle/total, 17 MiB/21 MiB CGO alloc/total, 183.8 CGO/sec, 0.3/0.5 %(u/s)time, 0.0 %gc (0x), 182 KiB/51 KiB (r/w)net
I190814 13:40:23.067598 189 server/status/runtime.go:500  [n1] runtime stats: 154 MiB RSS, 142 goroutines, 164 MiB/54 MiB/234 MiB GO alloc/idle/total, 17 MiB/21 MiB CGO alloc/total, 164.1 CGO/sec, 0.5/0.3 %(u/s)time, 0.0 %gc (0x), 91 KiB/40 KiB (r/w)net
I190814 13:40:33.355828 189 server/status/runtime.go:500  [n1] runtime stats: 154 MiB RSS, 142 goroutines, 170 MiB/48 MiB/234 MiB GO alloc/idle/total, 17 MiB/21 MiB CGO alloc/total, 146.4 CGO/sec, 0.8/1.4 %(u/s)time, 0.0 %gc (0x), 4.7 KiB/1.3 KiB (r/w)net
I190814 13:40:38.317637 185 gossip/gossip.go:557  [n1] gossip status (ok, 1 node)
gossip client (0/3 cur/max conns)
gossip server (0/3 cur/max conns, infos 0/0 sent/received, bytes 0B/0B sent/received)
I190814 13:40:43.646034 189 server/status/runtime.go:500  [n1] runtime stats: 155 MiB RSS, 141 goroutines, 176 MiB/42 MiB/234 MiB GO alloc/idle/total, 17 MiB/21 MiB CGO alloc/total, 202.4 CGO/sec, 0.5/0.9 %(u/s)time, 0.0 %gc (0x), 1.9 KiB/1.4 KiB (r/w)net
I190814 13:40:53.969488 189 server/status/runtime.go:500  [n1] runtime stats: 157 MiB RSS, 141 goroutines, 182 MiB/37 MiB/234 MiB GO alloc/idle/total, 17 MiB/21 MiB CGO alloc/total, 155.6 CGO/sec, 0.3/0.3 %(u/s)time, 0.0 %gc (0x), 50 KiB/5.9 KiB (r/w)net
I190814 13:41:04.265903 189 server/status/runtime.go:500  [n1] runtime stats: 157 MiB RSS, 141 goroutines, 188 MiB/31 MiB/234 MiB GO alloc/idle/total, 17 MiB/21 MiB CGO alloc/total, 165.4 CGO/sec, 1.2/0.3 %(u/s)time, 0.0 %gc (0x), 3.1 MiB/103 KiB (r/w)net
I190814 13:41:14.554591 189 server/status/runtime.go:500  [n1] runtime stats: 158 MiB RSS, 142 goroutines, 193 MiB/25 MiB/234 MiB GO alloc/idle/total, 17 MiB/21 MiB CGO alloc/total, 165.7 CGO/sec, 0.6/0.2 %(u/s)time, 0.0 %gc (0x), 2.0 MiB/70 KiB (r/w)net
I190814 13:41:24.843999 189 server/status/runtime.go:500  [n1] runtime stats: 159 MiB RSS, 142 goroutines, 199 MiB/20 MiB/234 MiB GO alloc/idle/total, 17 MiB/21 MiB CGO alloc/total, 172.8 CGO/sec, 0.3/0.2 %(u/s)time, 0.0 %gc (0x), 41 KiB/29 KiB (r/w)net
I190814 13:41:35.147761 189 server/status/runtime.go:500  [n1] runtime stats: 159 MiB RSS, 142 goroutines, 205 MiB/14 MiB/234 MiB GO alloc/idle/total, 17 MiB/21 MiB CGO alloc/total, 164.8 CGO/sec, 0.4/0.1 %(u/s)time, 0.0 %gc (0x), 765 KiB/36 KiB (r/w)net
I190814 13:41:38.317905 185 gossip/gossip.go:557  [n1] gossip status (ok, 1 node)
gossip client (0/3 cur/max conns)
gossip server (0/3 cur/max conns, infos 0/0 sent/received, bytes 0B/0B sent/received)
I190814 13:41:45.470866 189 server/status/runtime.go:500  [n1] runtime stats: 160 MiB RSS, 141 goroutines, 211 MiB/7.8 MiB/234 MiB GO alloc/idle/total, 17 MiB/21 MiB CGO alloc/total, 176.0 CGO/sec, 0.5/0.0 %(u/s)time, 0.0 %gc (1x), 3.3 MiB/115 KiB (r/w)net
I190814 13:41:55.827277 189 server/status/runtime.go:500  [n1] runtime stats: 160 MiB RSS, 141 goroutines, 142 MiB/73 MiB/234 MiB GO alloc/idle/total, 17 MiB/21 MiB CGO alloc/total, 173.5 CGO/sec, 0.5/0.2 %(u/s)time, 0.0 %gc (0x), 1.4 MiB/55 KiB (r/w)net
I190814 13:42:06.112890 189 server/status/runtime.go:500  [n1] runtime stats: 160 MiB RSS, 141 goroutines, 149 MiB/67 MiB/234 MiB GO alloc/idle/total, 17 MiB/21 MiB CGO alloc/total, 156.3 CGO/sec, 0.3/0.3 %(u/s)time, 0.0 %gc (0x), 1.1 MiB/27 KiB (r/w)net
I190814 13:42:16.401326 189 server/status/runtime.go:500  [n1] runtime stats: 161 MiB RSS, 142 goroutines, 155 MiB/62 MiB/234 MiB GO alloc/idle/total, 17 MiB/21 MiB CGO alloc/total, 180.2 CGO/sec, 0.6/0.3 %(u/s)time, 0.0 %gc (0x), 894 KiB/28 KiB (r/w)net
I190814 13:42:26.689316 189 server/status/runtime.go:500  [n1] runtime stats: 161 MiB RSS, 143 goroutines, 161 MiB/56 MiB/234 MiB GO alloc/idle/total, 17 MiB/21 MiB CGO alloc/total, 163.9 CGO/sec, 0.6/0.2 %(u/s)time, 0.0 %gc (0x), 5.3 MiB/130 KiB (r/w)net
I190814 13:42:36.985950 189 server/status/runtime.go:500  [n1] runtime stats: 161 MiB RSS, 142 goroutines, 167 MiB/50 MiB/234 MiB GO alloc/idle/total, 17 MiB/21 MiB CGO alloc/total, 194.7 CGO/sec, 0.5/0.3 %(u/s)time, 0.0 %gc (0x), 1.1 MiB/22 KiB (r/w)net
I190814 13:42:38.318003 185 gossip/gossip.go:557  [n1] gossip status (ok, 1 node)
gossip client (0/3 cur/max conns)
gossip server (0/3 cur/max conns, infos 0/0 sent/received, bytes 0B/0B sent/received)
I190814 13:42:47.279151 189 server/status/runtime.go:500  [n1] runtime stats: 162 MiB RSS, 141 goroutines, 174 MiB/44 MiB/234 MiB GO alloc/idle/total, 17 MiB/21 MiB CGO alloc/total, 195.2 CGO/sec, 0.5/0.3 %(u/s)time, 0.0 %gc (0x), 1.2 MiB/47 KiB (r/w)net
I190814 13:42:57.578939 189 server/status/runtime.go:500  [n1] runtime stats: 162 MiB RSS, 141 goroutines, 180 MiB/39 MiB/234 MiB GO alloc/idle/total, 17 MiB/21 MiB CGO alloc/total, 151.6 CGO/sec, 1.4/0.3 %(u/s)time, 0.0 %gc (0x), 276 KiB/10 KiB (r/w)net
I190814 13:43:07.893943 189 server/status/runtime.go:500  [n1] runtime stats: 162 MiB RSS, 141 goroutines, 185 MiB/33 MiB/234 MiB GO alloc/idle/total, 17 MiB/21 MiB CGO alloc/total, 159.7 CGO/sec, 0.5/0.1 %(u/s)time, 0.0 %gc (0x), 15 KiB/10 KiB (r/w)net
I190814 13:43:18.202662 189 server/status/runtime.go:500  [n1] runtime stats: 163 MiB RSS, 142 goroutines, 191 MiB/28 MiB/234 MiB GO alloc/idle/total, 17 MiB/21 MiB CGO alloc/total, 178.4 CGO/sec, 0.6/0.3 %(u/s)time, 0.0 %gc (0x), 5.8 KiB/5.0 KiB (r/w)net
I190814 13:43:28.501471 189 server/status/runtime.go:500  [n1] runtime stats: 163 MiB RSS, 142 goroutines, 203 MiB/16 MiB/234 MiB GO alloc/idle/total, 17 MiB/21 MiB CGO alloc/total, 157.3 CGO/sec, 0.3/0.3 %(u/s)time, 0.0 %gc (0x), 2.3 MiB/44 KiB (r/w)net
I190814 13:43:38.317684 185 gossip/gossip.go:557  [n1] gossip status (ok, 1 node)
gossip client (0/3 cur/max conns)
gossip server (0/3 cur/max conns, infos 0/0 sent/received, bytes 0B/0B sent/received)
I190814 13:43:38.790828 189 server/status/runtime.go:500  [n1] runtime stats: 163 MiB RSS, 141 goroutines, 209 MiB/9.8 MiB/234 MiB GO alloc/idle/total, 17 MiB/21 MiB CGO alloc/total, 208.3 CGO/sec, 0.5/0.1 %(u/s)time, 0.0 %gc (0x), 905 KiB/37 KiB (r/w)net
I190814 13:43:49.112644 189 server/status/runtime.go:500  [n1] runtime stats: 164 MiB RSS, 141 goroutines, 142 MiB/73 MiB/234 MiB GO alloc/idle/total, 17 MiB/21 MiB CGO alloc/total, 201.0 CGO/sec, 1.2/0.5 %(u/s)time, 0.0 %gc (1x), 4.3 MiB/114 KiB (r/w)net
I190814 13:43:59.420417 189 server/status/runtime.go:500  [n1] runtime stats: 164 MiB RSS, 141 goroutines, 149 MiB/68 MiB/234 MiB GO alloc/idle/total, 17 MiB/22 MiB CGO alloc/total, 175.9 CGO/sec, 1.2/0.0 %(u/s)time, 0.0 %gc (0x), 6.7 MiB/123 KiB (r/w)net
I190814 13:44:09.719239 189 server/status/runtime.go:500  [n1] runtime stats: 164 MiB RSS, 142 goroutines, 155 MiB/62 MiB/234 MiB GO alloc/idle/total, 25 MiB/30 MiB CGO alloc/total, 169.8 CGO/sec, 0.5/0.0 %(u/s)time, 0.0 %gc (0x), 6.7 MiB/103 KiB (r/w)net
I190814 13:44:20.014549 189 server/status/runtime.go:500  [n1] runtime stats: 164 MiB RSS, 142 goroutines, 161 MiB/56 MiB/234 MiB GO alloc/idle/total, 25 MiB/30 MiB CGO alloc/total, 167.3 CGO/sec, 0.5/0.2 %(u/s)time, 0.0 %gc (0x), 3.5 MiB/47 KiB (r/w)net
I190814 13:44:30.300058 189 server/status/runtime.go:500  [n1] runtime stats: 164 MiB RSS, 142 goroutines, 167 MiB/51 MiB/234 MiB GO alloc/idle/total, 25 MiB/30 MiB CGO alloc/total, 147.5 CGO/sec, 0.5/0.3 %(u/s)time, 0.0 %gc (0x), 1.1 MiB/20 KiB (r/w)net
I190814 13:44:38.318178 185 gossip/gossip.go:557  [n1] gossip status (ok, 1 node)
gossip client (0/3 cur/max conns)
gossip server (0/3 cur/max conns, infos 0/0 sent/received, bytes 0B/0B sent/received)
I190814 13:44:40.585171 189 server/status/runtime.go:500  [n1] runtime stats: 165 MiB RSS, 141 goroutines, 173 MiB/45 MiB/234 MiB GO alloc/idle/total, 25 MiB/30 MiB CGO alloc/total, 190.7 CGO/sec, 0.6/0.5 %(u/s)time, 0.0 %gc (0x), 8.4 KiB/19 KiB (r/w)net
I190814 13:44:50.871518 189 server/status/runtime.go:500  [n1] runtime stats: 165 MiB RSS, 141 goroutines, 179 MiB/39 MiB/234 MiB GO alloc/idle/total, 25 MiB/30 MiB CGO alloc/total, 177.1 CGO/sec, 0.6/0.2 %(u/s)time, 0.0 %gc (0x), 22 KiB/11 KiB (r/w)net
I190814 13:45:01.155577 189 server/status/runtime.go:500  [n1] runtime stats: 165 MiB RSS, 141 goroutines, 185 MiB/34 MiB/234 MiB GO alloc/idle/total, 25 MiB/30 MiB CGO alloc/total, 159.9 CGO/sec, 0.5/0.1 %(u/s)time, 0.0 %gc (0x), 193 KiB/90 KiB (r/w)net
I190814 13:45:11.440075 189 server/status/runtime.go:500  [n1] runtime stats: 165 MiB RSS, 142 goroutines, 191 MiB/28 MiB/234 MiB GO alloc/idle/total, 25 MiB/30 MiB CGO alloc/total, 166.4 CGO/sec, 0.8/0.2 %(u/s)time, 0.0 %gc (0x), 5.7 KiB/2.5 KiB (r/w)net
I190814 13:45:21.724621 189 server/status/runtime.go:500  [n1] runtime stats: 166 MiB RSS, 142 goroutines, 197 MiB/22 MiB/234 MiB GO alloc/idle/total, 25 MiB/30 MiB CGO alloc/total, 191.1 CGO/sec, 0.5/0.2 %(u/s)time, 0.0 %gc (0x), 7.8 KiB/13 KiB (r/w)net
I190814 13:45:32.012514 189 server/status/runtime.go:500  [n1] runtime stats: 166 MiB RSS, 142 goroutines, 203 MiB/16 MiB/234 MiB GO alloc/idle/total, 25 MiB/29 MiB CGO alloc/total, 159.6 CGO/sec, 0.5/0.3 %(u/s)time, 0.0 %gc (0x), 14 KiB/2.4 KiB (r/w)net
I190814 13:45:38.318196 185 gossip/gossip.go:557  [n1] gossip status (ok, 1 node)
gossip client (0/3 cur/max conns)
gossip server (0/3 cur/max conns, infos 0/0 sent/received, bytes 0B/0B sent/received)
I190814 13:45:42.298617 189 server/status/runtime.go:500  [n1] runtime stats: 166 MiB RSS, 141 goroutines, 209 MiB/10 MiB/234 MiB GO alloc/idle/total, 25 MiB/29 MiB CGO alloc/total, 192.8 CGO/sec, 0.3/0.3 %(u/s)time, 0.0 %gc (1x), 8.8 KiB/2.9 KiB (r/w)net
I190814 13:45:52.584463 189 server/status/runtime.go:500  [n1] runtime stats: 167 MiB RSS, 141 goroutines, 142 MiB/73 MiB/234 MiB GO alloc/idle/total, 25 MiB/30 MiB CGO alloc/total, 164.4 CGO/sec, 0.5/0.2 %(u/s)time, 0.0 %gc (0x), 14 KiB/8.4 KiB (r/w)net
I190814 13:46:02.869976 189 server/status/runtime.go:500  [n1] runtime stats: 167 MiB RSS, 141 goroutines, 149 MiB/67 MiB/234 MiB GO alloc/idle/total, 25 MiB/30 MiB CGO alloc/total, 160.8 CGO/sec, 0.6/0.1 %(u/s)time, 0.0 %gc (0x), 16 KiB/11 KiB (r/w)net
I190814 13:46:13.156953 189 server/status/runtime.go:500  [n1] runtime stats: 167 MiB RSS, 143 goroutines, 155 MiB/62 MiB/234 MiB GO alloc/idle/total, 25 MiB/30 MiB CGO alloc/total, 169.4 CGO/sec, 0.5/0.2 %(u/s)time, 0.0 %gc (0x), 4.7 KiB/791 B (r/w)net
I190814 13:46:23.443725 189 server/status/runtime.go:500  [n1] runtime stats: 167 MiB RSS, 142 goroutines, 161 MiB/56 MiB/234 MiB GO alloc/idle/total, 25 MiB/30 MiB CGO alloc/total, 167.3 CGO/sec, 0.5/0.2 %(u/s)time, 0.0 %gc (0x), 883 B/822 B (r/w)net
I190814 13:46:27.091010 1 cli/start.go:765  received signal 'interrupt'
I190814 13:46:27.134113 1 cli/start.go:830  initiating graceful shutdown of server
I190814 13:46:27.346000 1021 util/stop/stopper.go:546  [server drain process] quiescing; tasks left:
1      [async] stats.Refresher: maybeRefreshStats
1      [async] intent_resolver_ir_batcher
1      [async] intent_resolver_gc_batcher
1      [async] closedts-rangefeed-subscriber
I190814 13:46:27.412742 1021 storage/engine/rocksdb.go:753  closing rocksdb instance at "D:\\Develop\\GoProjects\\src\\github.com\\sceballosdev\\ApiRest\\cockroach-data\\cockroach-temp090827851"
I190814 13:46:27.525605 1021 storage/engine/rocksdb.go:753  closing rocksdb instance at "D:\\Develop\\GoProjects\\src\\github.com\\sceballosdev\\ApiRest\\cockroach-data"
I190814 13:46:27.588951 1 cli/start.go:876  server drained and shutdown completed
I190814 13:46:27.629822 1 cli/error.go:229  interrupted
Error: interrupted
